Arguments: 
  /usr/local/bin/node /usr/local/bin/yarn

PATH: 
  /usr/local/bin:/usr/bin:/bin:/usr/sbin:/sbin:/Users/swamy/Library/Android/sdk/tools:/Users/swamy/Library/Android/sdk/tools/bin/:/Users/swamy/Library/Android/sdk/platform-tools:/Applications/Android:/Users/swamy/Library/Android/sdk/tools:/Users/swamy/Library/Android/sdk/tools/bin/:/Users/swamy/Library/Android/sdk/platform-tools:/Applications/Android

Yarn version: 
  1.17.3

Node version: 
  10.16.0

Platform: 
  darwin x64

Trace: 
  Error: EACCES: permission denied, mkdir '/Users/swamy/Desktop/IBM/mood marbles/ISD-TeamInfo/server/node_modules/ajv'

npm manifest: 
  {
    "name": "skyline",
    "version": "1.0.0",
    "description": "",
    "main": "app.js",
    "scripts": {
      "test": "echo \"Error: no test specified\" && exit 1"
    },
    "dependencies": {
      "babel-preset-es2015": "^6.24.1",
      "babel-register": "^6.26.0",
      "body-parser": "^1.18.2",
      "cfenv": "^1.2.2",
      "compression": "^1.7.1",
      "config": "^1.28.1",
      "cookie-parser": "^1.4.3",
      "cors": "^2.8.4",
      "csv-parser": "^2.2.0",
      "dotenv": "^6.0.0",
      "elasticsearch": "^15.1.1",
      "express": "^4.15.5",
      "express-session": "^1.15.6",
      "helmet": "^3.13.0",
      "ibm_db": "^2.5.2",
      "jsonwebtoken": "^8.5.1",
      "passport": "^0.4.0",
      "passport-idaas-openidconnect": "^2.0.2",
      "winston-elasticsearch": "^0.7.12"
    },
    "author": "",
    "license": "ISC"
  }

yarn manifest: 
  No manifest

Lockfile: 
  No lockfile
